<?xml version="1.0" encoding="UTF-8"?>
<!-- Generated by org.testng.reporters.JUnitReportReporter -->
<testsuite hostname="DESKTOP-LLTPFN2" name="git.Git" tests="2" failures="0" timestamp="1 Apr 2022 03:46:47 GMT" time="48.613" errors="0">
  <testcase name="tc02" time="0.340" classname="git.Git"/>
  <testcase name="tc01" time="48.273" classname="git.Git"/>
</testsuite> <!-- git.Git -->
